<?xml version="1.0" encoding="UTF-8"?>
<robot generator="Robot 3.1.1 (Python 3.7.2 on win32)" generated="20190414 17:21:15.581" rpa="false">
<suite id="s1" name="Rf" source="C:\PycharmProjects\homework_pdt2\rf">
<suite id="s1-s1" name="Contact Scenarios" source="C:\PycharmProjects\homework_pdt2\rf\contact_scenarios.robot">
<kw name="Init Fixture" library="rf.Addressbook" type="setup">
<status status="PASS" starttime="20190414 17:21:16.251" endtime="20190414 17:21:32.844"></status>
</kw>
<test id="s1-s1-t1" name="Add new contact">
<kw name="Get Contact List" library="rf.Addressbook">
<assign>
<var>${old_list}</var>
</assign>
<msg timestamp="20190414 17:21:33.131" level="INFO">${old_list} = [3539:  , 3540: last_nameMz9h first_namej8iBpy, 3541: last_name first_nameRfg23Qj8yd0y XicC, 3542: last_name7Hic2f first_namep, 3543: last_nameVMbIjPi first_namekOk1pD, 3544: last_nameu2AR  first_name...</msg>
<status status="PASS" starttime="20190414 17:21:32.883" endtime="20190414 17:21:33.131"></status>
</kw>
<kw name="New Contact" library="rf.Addressbook">
<arguments>
<arg>first_name1</arg>
<arg>last_name1</arg>
<arg>address1</arg>
<arg>12345</arg>
</arguments>
<assign>
<var>${contact}</var>
</assign>
<msg timestamp="20190414 17:21:33.133" level="INFO">${contact} = None: last_name1 first_name1</msg>
<status status="PASS" starttime="20190414 17:21:33.132" endtime="20190414 17:21:33.134"></status>
</kw>
<kw name="Create Contact" library="rf.Addressbook">
<arguments>
<arg>${contact}</arg>
</arguments>
<status status="PASS" starttime="20190414 17:21:33.135" endtime="20190414 17:21:36.627"></status>
</kw>
<kw name="Get Contact List" library="rf.Addressbook">
<assign>
<var>${new_list}</var>
</assign>
<msg timestamp="20190414 17:21:36.931" level="INFO">${new_list} = [3539:  , 3540: last_nameMz9h first_namej8iBpy, 3541: last_name first_nameRfg23Qj8yd0y XicC, 3542: last_name7Hic2f first_namep, 3543: last_nameVMbIjPi first_namekOk1pD, 3544: last_nameu2AR  first_name...</msg>
<status status="PASS" starttime="20190414 17:21:36.628" endtime="20190414 17:21:36.931"></status>
</kw>
<kw name="Append To List" library="Collections">
<doc>Adds ``values`` to the end of ``list``.</doc>
<arguments>
<arg>${old_list}</arg>
<arg>${contact}</arg>
</arguments>
<status status="PASS" starttime="20190414 17:21:36.932" endtime="20190414 17:21:36.933"></status>
</kw>
<kw name="Contact Lists Should Be Equal" library="rf.Addressbook">
<arguments>
<arg>${old_list}</arg>
<arg>${new_list}</arg>
</arguments>
<status status="PASS" starttime="20190414 17:21:36.933" endtime="20190414 17:21:36.937"></status>
</kw>
<status status="PASS" starttime="20190414 17:21:32.845" endtime="20190414 17:21:36.939" critical="yes"></status>
</test>
<test id="s1-s1-t2" name="Modify contact">
<kw name="Get Contact List" library="rf.Addressbook">
<assign>
<var>${old_list}</var>
</assign>
<msg timestamp="20190414 17:21:36.951" level="INFO">${old_list} = [3539:  , 3540: last_nameMz9h first_namej8iBpy, 3541: last_name first_nameRfg23Qj8yd0y XicC, 3542: last_name7Hic2f first_namep, 3543: last_nameVMbIjPi first_namekOk1pD, 3544: last_nameu2AR  first_name...</msg>
<status status="PASS" starttime="20190414 17:21:36.942" endtime="20190414 17:21:36.951"></status>
</kw>
<kw name="Get Length" library="BuiltIn">
<doc>Returns and logs the length of the given item as an integer.</doc>
<arguments>
<arg>${old_list}</arg>
</arguments>
<assign>
<var>${len}</var>
</assign>
<msg timestamp="20190414 17:21:36.953" level="INFO">Length is 19</msg>
<msg timestamp="20190414 17:21:36.953" level="INFO">${len} = 19</msg>
<status status="PASS" starttime="20190414 17:21:36.952" endtime="20190414 17:21:36.954"></status>
</kw>
<kw name="New Contact" library="rf.Addressbook">
<arguments>
<arg>fffirst</arg>
<arg>modify_ln1</arg>
<arg>some_addr1</arg>
<arg>29-789-45</arg>
</arguments>
<assign>
<var>${modify_data}</var>
</assign>
<msg timestamp="20190414 17:21:36.968" level="INFO">${modify_data} = None: modify_ln1 fffirst</msg>
<status status="PASS" starttime="20190414 17:21:36.968" endtime="20190414 17:21:36.968"></status>
</kw>
<kw name="Evaluate" library="BuiltIn">
<doc>Evaluates the given expression in Python and returns the results.</doc>
<arguments>
<arg>random.randrange(${len})</arg>
<arg>random</arg>
</arguments>
<assign>
<var>${index}</var>
</assign>
<msg timestamp="20190414 17:21:36.970" level="INFO">${index} = 1</msg>
<status status="PASS" starttime="20190414 17:21:36.969" endtime="20190414 17:21:36.970"></status>
</kw>
<kw name="Get From List" library="Collections">
<doc>Returns the value specified with an ``index`` from ``list``.</doc>
<arguments>
<arg>${old_list}</arg>
<arg>${index}</arg>
</arguments>
<assign>
<var>${contact}</var>
</assign>
<msg timestamp="20190414 17:21:36.971" level="INFO">${contact} = 3540: last_nameMz9h first_namej8iBpy</msg>
<status status="PASS" starttime="20190414 17:21:36.970" endtime="20190414 17:21:36.971"></status>
</kw>
<kw name="Modify Contact" library="rf.Addressbook">
<arguments>
<arg>${contact}</arg>
<arg>${modify_data}</arg>
</arguments>
<status status="PASS" starttime="20190414 17:21:36.972" endtime="20190414 17:21:40.895"></status>
</kw>
<kw name="Get Contact List" library="rf.Addressbook">
<assign>
<var>${new_list}</var>
</assign>
<msg timestamp="20190414 17:21:40.906" level="INFO">${new_list} = [3539:  , 3540: modify_ln1 fffirst, 3541: last_name first_nameRfg23Qj8yd0y XicC, 3542: last_name7Hic2f first_namep, 3543: last_nameVMbIjPi first_namekOk1pD, 3544: last_nameu2AR  first_name 9 MBo , 354...</msg>
<status status="PASS" starttime="20190414 17:21:40.896" endtime="20190414 17:21:40.906"></status>
</kw>
<kw name="Set List Value" library="Collections">
<doc>Sets the value of ``list`` specified by ``index`` to the given ``value``.</doc>
<arguments>
<arg>${old_list}</arg>
<arg>${index}</arg>
<arg>${modify_data}</arg>
</arguments>
<status status="PASS" starttime="20190414 17:21:40.907" endtime="20190414 17:21:40.907"></status>
</kw>
<kw name="Contact Lists Should Be Equal" library="rf.Addressbook">
<arguments>
<arg>${old_list}</arg>
<arg>${new_list}</arg>
</arguments>
<status status="PASS" starttime="20190414 17:21:40.908" endtime="20190414 17:21:40.909"></status>
</kw>
<status status="PASS" starttime="20190414 17:21:36.941" endtime="20190414 17:21:40.911" critical="yes"></status>
</test>
<test id="s1-s1-t3" name="Modify contact from detail">
<kw name="Get Contact List" library="rf.Addressbook">
<assign>
<var>${old_list}</var>
</assign>
<msg timestamp="20190414 17:21:40.925" level="INFO">${old_list} = [3539:  , 3540: modify_ln1 fffirst, 3541: last_name first_nameRfg23Qj8yd0y XicC, 3542: last_name7Hic2f first_namep, 3543: last_nameVMbIjPi first_namekOk1pD, 3544: last_nameu2AR  first_name 9 MBo , 354...</msg>
<status status="PASS" starttime="20190414 17:21:40.915" endtime="20190414 17:21:40.925"></status>
</kw>
<kw name="Get Length" library="BuiltIn">
<doc>Returns and logs the length of the given item as an integer.</doc>
<arguments>
<arg>${old_list}</arg>
</arguments>
<assign>
<var>${len}</var>
</assign>
<msg timestamp="20190414 17:21:40.926" level="INFO">Length is 19</msg>
<msg timestamp="20190414 17:21:40.926" level="INFO">${len} = 19</msg>
<status status="PASS" starttime="20190414 17:21:40.926" endtime="20190414 17:21:40.927"></status>
</kw>
<kw name="New Contact" library="rf.Addressbook">
<arguments>
<arg>fffirst</arg>
<arg>modify_ln1</arg>
<arg>some_addr1</arg>
<arg>29-789-45</arg>
</arguments>
<assign>
<var>${modify_data}</var>
</assign>
<msg timestamp="20190414 17:21:40.927" level="INFO">${modify_data} = None: modify_ln1 fffirst</msg>
<status status="PASS" starttime="20190414 17:21:40.927" endtime="20190414 17:21:40.928"></status>
</kw>
<kw name="Evaluate" library="BuiltIn">
<doc>Evaluates the given expression in Python and returns the results.</doc>
<arguments>
<arg>random.randrange(${len})</arg>
<arg>random</arg>
</arguments>
<assign>
<var>${index}</var>
</assign>
<msg timestamp="20190414 17:21:40.929" level="INFO">